
19-12-2014 16:35:52          PUNJAB NATIONAL BANK
                             BANK'S PAN/GIR NO:AAACP0165G

CHAPRA, DISTT. SARAN (BIHAR) BO:009700
HATHUWA MARKET
CHAPRA 9431812051   9430481806
CHAPRA - 841301
BIHAR
Branch TAN No:PTNP00735A

                                                      DETAILS OF TAX DEDUCTION AT SOURCE

                                                                                                             Page:   1
------------------------------------------------------------------------------------------------------------------------------------
Cust ID   Account ID       Account Name               Tran Date  Tax %   Interest Amount         TDS Amount     Shortfall   PrntCnt
acctSolId TdsCircleName    CustPanNo     15G/15H
------------------------------------------------------------------------------------------------------------------------------------
200000677 009700MP00000555 PUSHPA SINGH               2014-10-31 20.00           1,489.00             298.00               0.00   0
009700    CHAPRA
200000677 009700MP00000564 PUSHPA SINGH               2014-10-31 20.00           1,489.00             298.00               0.00   0
009700    CHAPRA
                                                                       ================== ================== ==================
                                  Total -->                                      2,978.00             596.00               0.00

200550206 009700PR00004268 L.N.B. HIGH SCHOOL         2014-11-29 20.00           9,312.00           1,863.00               0.00   0
009700    CHAPRA
200550206 009700PR00004277 L.N.B. HIGH SCHOOL         2014-11-29 20.00           8,400.00           1,680.00               0.00   0
009700    CHAPRA
                                                                       ================== ================== ==================
                                  Total -->                                     17,712.00           3,543.00               0.00

200550752 0097003105659038 DINESHWAR SINGH            2014-10-20 20.00             703.00             141.00               0.00   0
009700    CHAPRA
                                                                       ================== ================== ==================
                                  Total -->                                        703.00             141.00               0.00

200550821 0097003106232050 SHAUKAT ARA BEGUM          2014-11-10 20.00           1,198.00             240.00               0.00   0
009700    CHAPRA
200550821 0097003106232069 SHAUKAT ARA BEGUM          2014-11-03 20.00             196.00              39.00               0.00   0
009700    CHAPRA
                                                                       ================== ================== ==================
                                  Total -->                                      1,394.00             279.00               0.00

200551095 0097003107945027 RAM NATH PRASAD            2014-10-15 20.00             116.00              24.00               0.00   0
009700    CHAPRA
                                                                       ================== ================== ==================
                                  Total -->                                        116.00              24.00               0.00

200551289 0097003108878014 REGISTRAR J.P.UNIVERSITY   2014-11-22 20.00           2,625.00             525.00               0.00   0
009700    CHAPRA
                                                                       ================== ================== ==================
                                  Total -->                                      2,625.00             525.00               0.00

200556935 0097004400028671 TULSI JAIN                 2014-11-17 10.00           1,304.00             131.00               0.00   0
009700    CHAPRA           AJPPJ6516Q
200556935 0097004400025106 TULSI JAIN                 2014-11-18 10.00             940.00              94.00               0.00   0
009700    CHAPRA           AJPPJ6516Q
200556935 0097004400029041 TULSI JAIN                 2014-11-17 10.00             826.00              82.00               0.00   0
009700    CHAPRA           AJPPJ6516Q
200556935 0097004400024648 TULSI JAIN                 2014-11-03 10.00             717.00              72.00               0.00   0
009700    CHAPRA           AJPPJ6516Q
200556935 0097004400024505 TULSI JAIN                 2014-10-28 10.00             591.00              59.00               0.00   0

009700    CHAPRA           AJPPJ6516Q
200556935 0097004400029935 TULSI JAIN                 2014-10-25 10.00             588.00              59.00               0.00   0
009700    CHAPRA           AJPPJ6516Q
200556935 0097004400029041 TULSI JAIN                 2014-10-25 10.00             583.00              58.00               0.00   0
009700    CHAPRA           AJPPJ6516Q
200556935 0097004400028413 TULSI JAIN                 2014-11-17 10.00             565.00              56.00               0.00   0
009700    CHAPRA           AJPPJ6516Q
200556935 0097004400024709 TULSI JAIN                 2014-11-05 10.00             470.00              47.00               0.00   0
009700    CHAPRA           AJPPJ6516Q
200556935 0097004400031842 TULSI JAIN                 2014-11-17 10.00             271.00              28.00               0.00   0
009700    CHAPRA           AJPPJ6516Q
200556935 0097004400024055 TULSI JAIN                 2014-10-17 10.00             163.00              16.00               0.00   0
009700    CHAPRA           AJPPJ6516Q
200556935 0097004400032151 TULSI JAIN                 2014-11-17 10.00             169.00              16.00               0.00   0
009700    CHAPRA           AJPPJ6516Q
200556935 0097004400029935 TULSI JAIN                 2014-10-09 10.00             146.00              14.00               0.00   0
009700    CHAPRA           AJPPJ6516Q
200556935 0097004400023524 TULSI JAIN                 2014-10-04 10.00             132.00              13.00               0.00   0
009700    CHAPRA           AJPPJ6516Q
200556935 0097004400023843 TULSI JAIN                 2014-10-13 10.00             138.00              13.00               0.00   0
009700    CHAPRA           AJPPJ6516Q
200556935 0097004400032212 TULSI JAIN                 2014-11-17 10.00              92.00              10.00               0.00   0
009700    CHAPRA           AJPPJ6516Q
200556935 0097004400031028 TULSI JAIN                 2014-10-25 10.00              79.00               7.00               0.00   0
009700    CHAPRA           AJPPJ6516Q
200556935 0097004400023524 TULSI JAIN                 2014-10-04 10.00              44.00               5.00               0.00   0
009700    CHAPRA           AJPPJ6516Q
200556935 0097004400029838 TULSI JAIN                 2014-10-25 10.00              52.00               5.00               0.00   0
009700    CHAPRA           AJPPJ6516Q
200556935 0097004400031286 TULSI JAIN                 2014-10-25 10.00              44.00               5.00               0.00   0
009700    CHAPRA           AJPPJ6516Q
200556935 0097004400029537 TULSI JAIN                 2014-10-25 10.00              23.00               3.00               0.00   0
009700    CHAPRA           AJPPJ6516Q
200556935 0097004400023445 TULSI JAIN                 2014-10-01 10.00              23.00               2.00               0.00   0
009700    CHAPRA           AJPPJ6516Q
200556935 0097004400023843 TULSI JAIN                 2014-10-13 10.00              12.00               2.00               0.00   0
009700    CHAPRA           AJPPJ6516Q
200556935 0097004400030010 TULSI JAIN                 2014-10-09 10.00              13.00               2.00               0.00   0
009700    CHAPRA           AJPPJ6516Q
200556935 0097004400030357 TULSI JAIN                 2014-10-09 10.00              20.00               2.00               0.00   0
009700    CHAPRA           AJPPJ6516Q
200556935 0097004400024709 TULSI JAIN                 2014-11-05 10.00              13.00               1.00               0.00   0
009700    CHAPRA           AJPPJ6516Q
                                                                       ================== ================== ==================
                                  Total -->                                      8,018.00             802.00               0.00

200557200 009700DP00007801 ALOK KUMAR AND TAPESWAR SIN2014-11-25 10.00           2,155.00             216.00               0.00   0
009700    CHAPRA           DJUPS6689P    15G
200557200 009700DP00007810 ALOK KUMAR AND TAPESWAR SIN2014-11-25 10.00           2,155.00             215.00               0.00   0
009700    CHAPRA           DJUPS6689P    15G
                                                                       ================== ================== ==================
                                  Total -->                                      4,310.00             431.00               0.00

200557474 009700DM00000412 SHASHI PRAKASH             2014-10-31 10.00           8,175.00             818.00               0.00   0
009700    CHAPRA           AEJPP8375G    15H OBNTAINED
                                                                       ================== ================== ==================
                                  Total -->                                      8,175.00             818.00               0.00

200557542 009700DP00007528 BIPIN BIHARI PANDEY        2014-11-13 10.00             894.00              89.00               0.00   0
009700    CHAPRA           AAPPE8765P
200557542 009700DP00007537 BIPIN BIHARI PANDEY        2014-11-13 10.00             894.00              89.00               0.00   0
009700    CHAPRA           AAPPE8765P

200557542 009700DP00006370 BIPIN BIHARI PANDEY        2014-11-13 10.00             391.00              40.00               0.00   0
009700    CHAPRA           AAPPE8765P
                                                                       ================== ================== ==================
                                  Total -->                                      2,179.00             218.00               0.00

200557632 0097004400025142 BAIDYA NATH PRASAD SINGH   2014-11-19 10.00           1,822.00             182.00               0.00   0
009700    CHAPRA           AISPS4587J    15H
200557632 0097004400024994 BAIDYA NATH PRASAD SINGH   2014-11-17 10.00             631.00              63.00               0.00   0
009700    CHAPRA           AISPS4587J    15H
200557632 0097004400025300 BAIDYA NATH PRASAD SINGH   2014-11-25 10.00             430.00              43.00               0.00   0
009700    CHAPRA           AISPS4587J    15H
200557632 0097004400024851 BAIDYA NATH PRASAD SINGH   2014-11-10 10.00             153.00              16.00               0.00   0
009700    CHAPRA           AISPS4587J    15H
200557632 0097004400024310 BAIDYA NATH PRASAD SINGH   2014-10-24 10.00             138.00              14.00               0.00   0
009700    CHAPRA           AISPS4587J    15H
200557632 0097004400024587 BAIDYA NATH PRASAD SINGH   2014-10-31 10.00             119.00              12.00               0.00   0
009700    CHAPRA           AISPS4587J    15H
200557632 0097004400023968 BAIDYA NATH PRASAD SINGH   2014-10-15 10.00              86.00               8.00               0.00   0
009700    CHAPRA           AISPS4587J    15H
200557632 0097004400024806 BAIDYA NATH PRASAD SINGH   2014-11-07 10.00              73.00               7.00               0.00   0
009700    CHAPRA           AISPS4587J    15H
200557632 0097004400024994 BAIDYA NATH PRASAD SINGH   2014-11-17 10.00              13.00               2.00               0.00   0
009700    CHAPRA           AISPS4587J    15H
200557632 0097004400032063 BAIDYA NATH PRASAD SINGH   2014-11-11 10.00              11.00               1.00               0.00   0
009700    CHAPRA           AISPS4587J    15H
200557632 0097004400024851 BAIDYA NATH PRASAD SINGH   2014-11-10 10.00               4.00               0.00               0.00   0
009700    CHAPRA           AISPS4587J    15H
                                                                       ================== ================== ==================
                                  Total -->                                      3,480.00             348.00               0.00

200557808 009700MP00000184 CHITRANJAN SINGH           2014-10-31 10.00           1,912.00             191.00               0.00   0
009700    CHAPRA           AHOPS6856M    15H
                                                                       ================== ================== ==================
                                  Total -->                                      1,912.00             191.00               0.00

200558402 009700DP00002505 NIRMALA KUMARI             2014-11-07 10.00             660.00              66.00               0.00   0
009700    CHAPRA           AEOPK3221R
200558402 009700DP00002499 NIRMALA KUMARI             2014-11-07 10.00             647.00              64.00               0.00   0
009700    CHAPRA           AEOPK3221R
                                                                       ================== ================== ==================
                                  Total -->                                      1,307.00             130.00               0.00

200559073 009700DP00007315 LAL BABU GUPTA             2014-10-31 20.00             592.00             119.00               0.00   0
009700    CHAPRA           BPCPG7441H    15H
200559073 009700DP00011035 LAL BABU GUPTA             2014-10-04 20.00              25.00               5.00               0.00   0
009700    CHAPRA           BPCPG7441H    15H
                                                                       ================== ================== ==================
                                  Total -->                                        617.00             124.00               0.00

200559083 009700DP00007218 PRABHUNATH KUNWAR          2014-10-27 10.00             702.00              70.00               0.00   0
009700    CHAPRA           ACSPK6330P
                                                                       ================== ================== ==================
                                  Total -->                                        702.00              70.00               0.00

200559313 0097004400025045 AWADHESH KUMAR             2014-11-17 10.00             368.00              37.00               0.00   0
009700    CHAPRA           AVIPK1228M
200559313 0097004400024657 AWADHESH KUMAR             2014-11-03 10.00             196.00              20.00               0.00   0
009700    CHAPRA           AVIPK1228M
200559313 0097004400025151 AWADHESH KUMAR             2014-11-19 10.00             192.00              20.00               0.00   0
009700    CHAPRA           AVIPK1228M
200559313 0097004400024860 AWADHESH KUMAR             2014-11-10 10.00             153.00              16.00               0.00   0
009700    CHAPRA           AVIPK1228M

200559313 0097004400024064 AWADHESH KUMAR             2014-10-17 10.00              98.00              10.00               0.00   0
009700    CHAPRA           AVIPK1228M
200559313 0097004400025115 AWADHESH KUMAR             2014-11-18 10.00              94.00               9.00               0.00   0
009700    CHAPRA           AVIPK1228M
200559313 0097004400024596 AWADHESH KUMAR             2014-10-31 10.00              59.00               6.00               0.00   0
009700    CHAPRA           AVIPK1228M
200559313 0097004400024718 AWADHESH KUMAR             2014-11-05 10.00              67.00               6.00               0.00   0
009700    CHAPRA           AVIPK1228M
200559313 0097004400023676 AWADHESH KUMAR             2014-10-07 10.00              54.00               5.00               0.00   0
009700    CHAPRA           AVIPK1228M
200559313 0097004400023533 AWADHESH KUMAR             2014-10-04 10.00              23.00               2.00               0.00   0
009700    CHAPRA           AVIPK1228M
200559313 0097004400023649 AWADHESH KUMAR             2014-10-07 10.00              23.00               2.00               0.00   0
009700    CHAPRA           AVIPK1228M
200559313 0097004400023533 AWADHESH KUMAR             2014-10-04 10.00               8.00               1.00               0.00   0
009700    CHAPRA           AVIPK1228M
200559313 0097004400023649 AWADHESH KUMAR             2014-10-07 10.00               4.00               1.00               0.00   0
009700    CHAPRA           AVIPK1228M
200559313 0097004400024718 AWADHESH KUMAR             2014-11-05 10.00               2.00               0.00               0.00   0
009700    CHAPRA           AVIPK1228M
200559313 0097004400024860 AWADHESH KUMAR             2014-11-10 10.00               4.00               0.00               0.00   0
009700    CHAPRA           AVIPK1228M
                                                                       ================== ================== ==================
                                  Total -->                                      1,345.00             135.00               0.00

200561105 009700PR00031305 PRATIMA SINGH              2014-10-07 20.00              85.00              17.00               0.00   0
009700    CHAPRA
                                                                       ================== ================== ==================
                                  Total -->                                         85.00              17.00               0.00

200561233 0097004400025197 NITISH KUMAR SINHA         2014-11-21 20.00             100.00              20.00               0.00   0
009700    CHAPRA
200561233 0097004400024763 NITISH KUMAR SINHA         2014-11-05 20.00              69.00              14.00               0.00   0
009700    CHAPRA
200561233 0097004400024189 NITISH KUMAR SINHA         2014-10-20 20.00              36.00               7.00               0.00   0
009700    CHAPRA
200561233 0097004400031417 NITISH KUMAR SINHA         2014-11-15 20.00              32.00               7.00               0.00   0
009700    CHAPRA
200561233 0097004400029397 NITISH KUMAR SINHA         2014-10-17 20.00              11.00               2.00               0.00   0
009700    CHAPRA
200561233 0097004400024189 NITISH KUMAR SINHA         2014-10-20 20.00               2.00               0.00               0.00   0
009700    CHAPRA
                                                                       ================== ================== ==================
                                  Total -->                                        250.00              50.00               0.00

200561254 0097004400023746 ANIL KUMAR                 2014-10-11 10.00              42.00               4.00               0.00   0
009700    CHAPRA           ACDPA9891L
200561254 0097004400023454 ANIL KUMAR                 2014-10-01 10.00               4.00               1.00               0.00   0
009700    CHAPRA           ACDPA9891L
200561254 0097004400023658 ANIL KUMAR                 2014-10-07 10.00              12.00               1.00               0.00   0
009700    CHAPRA           ACDPA9891L
200561254 0097004400023658 ANIL KUMAR                 2014-10-07 10.00               2.00               0.00               0.00   0
009700    CHAPRA           ACDPA9891L
                                                                       ================== ================== ==================
                                  Total -->                                         60.00               6.00               0.00

200561485 0097004400025009 SHAILJA AGRAWAL            2014-11-17 10.00             541.00              54.00               0.00   0
009700    CHAPRA           ACDPA9894R
200561485 0097004400023755 SHAILJA AGRAWAL            2014-10-11 10.00             506.00              50.00               0.00   0
009700    CHAPRA           ACDPA9894R
200561485 0097004400025160 SHAILJA AGRAWAL            2014-11-19 10.00             288.00              29.00               0.00   0
009700    CHAPRA           ACDPA9894R

200561485 0097004400023977 SHAILJA AGRAWAL            2014-10-15 10.00             201.00              20.00               0.00   0
009700    CHAPRA           ACDPA9894R
200561485 0097004400024231 SHAILJA AGRAWAL            2014-10-21 10.00             201.00              20.00               0.00   0
009700    CHAPRA           ACDPA9894R
200561485 0097004400024392 SHAILJA AGRAWAL            2014-10-25 10.00             144.00              15.00               0.00   0
009700    CHAPRA           ACDPA9894R
200561485 0097004400023694 SHAILJA AGRAWAL            2014-10-07 10.00             134.00              14.00               0.00   0
009700    CHAPRA           ACDPA9894R
200561485 0097004400024532 SHAILJA AGRAWAL            2014-10-28 10.00              54.00               5.00               0.00   0
009700    CHAPRA           ACDPA9894R
200561485 0097004400024240 SHAILJA AGRAWAL            2014-10-22 10.00              42.00               4.00               0.00   0
009700    CHAPRA           ACDPA9894R
200561485 0097004400023852 SHAILJA AGRAWAL            2014-10-13 10.00              23.00               3.00               0.00   0
009700    CHAPRA           ACDPA9894R
200561485 0097004400023542 SHAILJA AGRAWAL            2014-10-04 10.00              23.00               2.00               0.00   0
009700    CHAPRA           ACDPA9894R
200561485 0097004400023542 SHAILJA AGRAWAL            2014-10-04 10.00               8.00               1.00               0.00   0
009700    CHAPRA           ACDPA9894R
200561485 0097004400025009 SHAILJA AGRAWAL            2014-11-17 10.00              12.00               1.00               0.00   0
009700    CHAPRA           ACDPA9894R
200561485 0097004400023463 SHAILJA AGRAWAL            2014-10-01 10.00               2.00               0.00               0.00   0
009700    CHAPRA           ACDPA9894R
200561485 0097004400023852 SHAILJA AGRAWAL            2014-10-13 10.00               2.00               0.00               0.00   0
009700    CHAPRA           ACDPA9894R
                                                                       ================== ================== ==================
                                  Total -->                                      2,181.00             218.00               0.00

200562081 009700DP00006228 BIMLA RAI&ANANDJEE RAI     2014-11-17 10.00             421.00              43.00               0.00   0
009700    CHAPRA           AKTPR6803P    15G
200562081 009700DP00006237 BIMLA RAI&ANANDJEE RAI     2014-11-17 10.00             421.00              42.00               0.00   0
009700    CHAPRA           AKTPR6803P    15G
200562081 009700DP00006246 BIMLA RAI&ANANDJEE RAI     2014-11-17 10.00             421.00              42.00               0.00   0
009700    CHAPRA           AKTPR6803P    15G
200562081 009700DP00006255 BIMLA RAI&ANANDJEE RAI     2014-11-17 10.00             421.00              42.00               0.00   0
009700    CHAPRA           AKTPR6803P    15G
                                                                       ================== ================== ==================
                                  Total -->                                      1,684.00             169.00               0.00

200563855 009700DM00000193 SUDHAKAR MISHRA            2014-10-31 10.00             480.00              48.00               0.00   0
009700    CHAPRA           AVAPM7280P    15G OBTAINED
200563855 009700DM00000209 SUDHAKAR MISHRA            2014-10-31 10.00             480.00              48.00               0.00   0
009700    CHAPRA           AVAPM7280P    15G OBTAINED
200563855 009700DM00000218 SUDHAKAR MISHRA            2014-10-31 10.00             480.00              48.00               0.00   0
009700    CHAPRA           AVAPM7280P    15G OBTAINED
200563855 009700DM00000193 SUDHAKAR MISHRA            2014-10-11 10.00             284.00              29.00               0.00   0
009700    CHAPRA           AVAPM7280P    15G OBTAINED
200563855 009700DM00000209 SUDHAKAR MISHRA            2014-10-11 10.00             284.00              28.00               0.00   0
009700    CHAPRA           AVAPM7280P    15G OBTAINED
200563855 009700DM00000218 SUDHAKAR MISHRA            2014-10-11 10.00             284.00              28.00               0.00   0
009700    CHAPRA           AVAPM7280P    15G OBTAINED
                                                                       ================== ================== ==================
                                  Total -->                                      2,292.00             229.00               0.00

200564543 009700DA00004100 MANJU DEVI                 2014-11-06 10.00             813.00              82.00               0.00   0
009700    CHAPRA           BDUPD2704C    15G
200564543 009700DA00004100 MANJU DEVI                 2014-10-07 10.00             274.00              27.00               0.00   0
009700    CHAPRA           BDUPD2704C    15G
                                                                       ================== ================== ==================
                                  Total -->                                      1,087.00             109.00               0.00

200564737 009700DP00003258 SUDHA KUMARI SHARAN        2014-10-31 10.00             752.00              75.00               0.00   0
009700    CHAPRA           AJGPS5728Q

                                                                       ================== ================== ==================
                                  Total -->                                        752.00              75.00               0.00

200565697 0097004400025337 RANENDRA NATH PANDEY       2014-11-25 20.00           3,544.00             709.00               0.00   0
009700    CHAPRA
200565697 0097004400024541 RANENDRA NATH PANDEY       2014-10-28 20.00             268.00              54.00               0.00   0
009700    CHAPRA
200565697 0097004400024967 RANENDRA NATH PANDEY       2014-11-14 20.00             259.00              52.00               0.00   0
009700    CHAPRA
200565697 0097004400024727 RANENDRA NATH PANDEY       2014-11-05 20.00             201.00              40.00               0.00   0
009700    CHAPRA
200565697 0097004400024727 RANENDRA NATH PANDEY       2014-11-05 20.00               6.00               1.00               0.00   0
009700    CHAPRA
                                                                       ================== ================== ==================
                                  Total -->                                      4,278.00             856.00               0.00

200566075 009700DP00007166 JEEV PRAKASH SINHA & ANITA 2014-10-24 10.00           3,408.00             341.00               0.00   0
009700    CHAPRA           AKHPS8454K    15H
                                                                       ================== ================== ==================
                                  Total -->                                      3,408.00             341.00               0.00

200567100 0097004400032407 RASHMI                     2014-11-15 20.00              31.00               7.00               0.00   0
009700    CHAPRA
200567100 0097004400030658 RASHMI                     2014-10-11 20.00              31.00               6.00               0.00   0
009700    CHAPRA
200567100 0097004400030931 RASHMI                     2014-10-18 20.00              31.00               6.00               0.00   0
009700    CHAPRA
200567100 0097004400031347 RASHMI                     2014-10-25 20.00              31.00               6.00               0.00   0
009700    CHAPRA
200567100 0097004400031727 RASHMI                     2014-11-01 20.00              31.00               6.00               0.00   0
009700    CHAPRA
200567100 0097004400032081 RASHMI                     2014-11-08 20.00              31.00               6.00               0.00   0
009700    CHAPRA
200567100 0097004400032692 RASHMI                     2014-11-22 20.00              31.00               6.00               0.00   0
009700    CHAPRA
200567100 0097004400033062 RASHMI                     2014-11-29 20.00              31.00               6.00               0.00   0
009700    CHAPRA
200567100 0097004400030171 RASHMI                     2014-10-04 20.00              18.00               4.00               0.00   0
009700    CHAPRA
200567100 0097004400030755 RASHMI                     2014-10-14 20.00               8.00               2.00               0.00   0
009700    CHAPRA
200567100 0097004400031134 RASHMI                     2014-10-21 20.00               8.00               2.00               0.00   0
009700    CHAPRA
200567100 0097004400031480 RASHMI                     2014-10-28 20.00               8.00               2.00               0.00   0
009700    CHAPRA
200567100 0097004400032902 RASHMI                     2014-11-26 20.00               8.00               2.00               0.00   0
009700    CHAPRA
200567100 0097004400030250 RASHMI                     2014-10-07 20.00               7.00               1.00               0.00   0
009700    CHAPRA
200567100 0097004400031897 RASHMI                     2014-11-05 20.00               8.00               1.00               0.00   0
009700    CHAPRA
200567100 0097004400031897 RASHMI                     2014-11-05 20.00               1.00               1.00               0.00   0
009700    CHAPRA
200567100 0097004400032267 RASHMI                     2014-11-12 20.00               8.00               1.00               0.00   0
009700    CHAPRA
200567100 0097004400032586 RASHMI                     2014-11-19 20.00               8.00               1.00               0.00   0
009700    CHAPRA
200567100 0097004400030250 RASHMI                     2014-10-07 20.00               1.00               0.00               0.00   0
009700    CHAPRA
                                                                       ================== ================== ==================
                                  Total -->                                        331.00              66.00               0.00


200567277 0097004400020369 CHHOTE LAL                 2014-10-18 20.00             268.00              54.00               0.00   0
009700    CHAPRA
200567277 0097004400020369 CHHOTE LAL                 2014-10-11 20.00             268.00              53.00               0.00   0
009700    CHAPRA
200567277 0097004400020369 CHHOTE LAL                 2014-10-25 20.00             261.00              52.00               0.00   0
009700    CHAPRA
200567277 0097004400020369 CHHOTE LAL                 2014-11-01 20.00             245.00              49.00               0.00   0
009700    CHAPRA
200567277 0097004400020369 CHHOTE LAL                 2014-11-08 20.00             245.00              49.00               0.00   0
009700    CHAPRA
200567277 0097004400020369 CHHOTE LAL                 2014-11-15 20.00             222.00              45.00               0.00   0
009700    CHAPRA
200567277 0097004400020369 CHHOTE LAL                 2014-11-22 20.00             222.00              44.00               0.00   0
009700    CHAPRA
200567277 0097004400020369 CHHOTE LAL                 2014-11-29 20.00             222.00              44.00               0.00   0
009700    CHAPRA
200567277 0097004400020369 CHHOTE LAL                 2014-10-04 20.00             171.00              34.00               0.00   0
009700    CHAPRA
                                                                       ================== ================== ==================
                                  Total -->                                      2,124.00             424.00               0.00

200568118 0097004400025434 BINOD KUMARI SHARMA        2014-11-28 20.00           8,599.00           1,719.00               0.00   0
009700    CHAPRA
                                                                       ================== ================== ==================
                                  Total -->                                      8,599.00           1,719.00               0.00

200568164 009700DA00010068 SANTOSH KUMAR              2014-11-22 10.00           1,534.00             154.00               0.00   0
009700    CHAPRA           BQIPK6963P    15G
                                                                       ================== ================== ==================
                                  Total -->                                      1,534.00             154.00               0.00

200569999 0097004400023551 AJAY KUMAR                 2014-10-04 20.00              17.00               3.00               0.00   0
009700    CHAPRA
200569999 0097004400023551 AJAY KUMAR                 2014-10-04 20.00               6.00               1.00               0.00   0
009700    CHAPRA
                                                                       ================== ================== ==================
                                  Total -->                                         23.00               4.00               0.00

200570240 0097004400025498 DHURANDHAR SINGH           2014-11-29 20.00             230.00              46.00               0.00   0
009700    CHAPRA
200570240 0097004400025452 DHURANDHAR SINGH           2014-11-28 20.00             226.00              45.00               0.00   0
009700    CHAPRA
200570240 0097004400024781 DHURANDHAR SINGH           2014-11-05 20.00             138.00              28.00               0.00   0
009700    CHAPRA
200570240 0097004400024046 DHURANDHAR SINGH           2014-10-15 20.00              58.00              11.00               0.00   0
009700    CHAPRA
200570240 0097004400024417 DHURANDHAR SINGH           2014-10-25 20.00              48.00              10.00               0.00   0
009700    CHAPRA
200570240 0097004400024374 DHURANDHAR SINGH           2014-10-24 20.00              46.00               9.00               0.00   0
009700    CHAPRA
200570240 0097004400023898 DHURANDHAR SINGH           2014-10-13 20.00              23.00               4.00               0.00   0
009700    CHAPRA
200570240 0097004400030524 DHURANDHAR SINGH           2014-10-07 20.00               8.00               2.00               0.00   0
009700    CHAPRA
200570240 0097004400023898 DHURANDHAR SINGH           2014-10-13 20.00               2.00               1.00               0.00   0
009700    CHAPRA
                                                                       ================== ================== ==================
                                  Total -->                                        779.00             156.00               0.00

200570243 009700DA00005190 PUSHPA BHARATI             2014-11-25 20.00           1,271.00           1,271.00               0.00   0
009700    CHAPRA
200570243 009700DP00006963 PUSHPA BHARATI             2014-10-09  0.00             106.00               0.00               0.00   0

009700    CHAPRA
                                                                       ================== ================== ==================
                                  Total -->                                      1,377.00           1,271.00               0.00

200571308 0097004400023995 RAM NATH SINGH             2014-10-15 20.00              86.00              18.00               0.00   0
009700    CHAPRA
200571308 0097004400023773 RAM NATH SINGH             2014-10-11 20.00              63.00              12.00               0.00   0
009700    CHAPRA
200571308 0097004400023728 RAM NATH SINGH             2014-10-08 20.00              31.00               6.00               0.00   0
009700    CHAPRA
                                                                       ================== ================== ==================
                                  Total -->                                        180.00              36.00               0.00

200571851 009700DP00007768 HARIHAR  PRADSAD           2014-11-20 20.00             776.00             155.00               0.00   0
009700    CHAPRA
                                                                       ================== ================== ==================
                                  Total -->                                        776.00             155.00               0.00

200572157 0097004400032276 RAM NARESH THAKUR          2014-11-17 10.00              26.00               2.00               0.00   0
009700    CHAPRA           AIRPT6260C
200572157 0097004400031301 RAM NARESH THAKUR          2014-10-28 10.00              12.00               1.00               0.00   0
009700    CHAPRA           AIRPT6260C
200572157 0097004400029263 RAM NARESH THAKUR          2014-10-07  0.00              -3.00               0.00               0.00   0
009700    CHAPRA           AIRPT6260C
                                                                       ================== ================== ==================
                                  Total -->                                         35.00               3.00               0.00

200573977 009700F100002351 KAILASH VASTRALAYA         2014-10-31 20.00           1,529.00             305.00               0.00   0
009700    CHAPRA
200573977 009700F100002360 KAILASH VASTRALAYA         2014-10-31 20.00           1,338.00             268.00               0.00   0
009700    CHAPRA
200573977 009700F100002342 KAILASH VASTRALAYA         2014-10-27 20.00             906.00             182.00               0.00   0
009700    CHAPRA
200573977 009700F100002306 KAILASH VASTRALAYA         2014-10-09 20.00             302.00              60.00               0.00   0
009700    CHAPRA
200573977 009700F100002351 KAILASH VASTRALAYA         2014-10-31 20.00             105.00              21.00               0.00   0
009700    CHAPRA
200573977 009700F100002634 KAILASH VASTRALAYA         2014-11-25 20.00              59.00              12.00               0.00   0
009700    CHAPRA
                                                                       ================== ================== ==================
                                  Total -->                                      4,239.00             848.00               0.00

200577542 009700DA00004641 RAM UDESHWAR SHARMA        2014-10-28 10.00           3,851.00             385.00               0.00   0
009700    CHAPRA           AKGPS0594P
                                                                       ================== ================== ==================
                                  Total -->                                      3,851.00             385.00               0.00

ADS000399 009700PM00000045 SHRIPRAKASH SHROFF & USHA D2014-10-31 20.00           1,489.00             298.00               0.00   0
009700    CHAPRA
ADS000399 009700PM00000054 SHRIPRAKASH SHROFF & USHA D2014-10-31 20.00           1,489.00             297.00               0.00   0
009700    CHAPRA
                                                                       ================== ================== ==================
                                  Total -->                                      2,978.00             595.00               0.00

ADS000831 009700MP00000076 PANNA LAL PRASAD AND SNEH L2014-10-31 10.00           6,283.00             629.00               0.00   0
009700    CHAPRA           ACGPP6133M
                                                                       ================== ================== ==================
                                  Total -->                                      6,283.00             629.00               0.00

ADS001279 0097004400025230 MANISH KUMAR SINGH         2014-11-24 20.00             518.00             104.00               0.00   0
009700    CHAPRA
ADS001279 0097004400025063 MANISH KUMAR SINGH         2014-11-17 20.00             276.00              55.00               0.00   0

009700    CHAPRA
ADS001279 0097004400025036 MANISH KUMAR SINGH         2014-11-17 20.00             270.00              54.00               0.00   0
009700    CHAPRA
ADS001279 0097004400024268 MANISH KUMAR SINGH         2014-10-22 20.00             211.00              42.00               0.00   0
009700    CHAPRA
ADS001279 0097004400025285 MANISH KUMAR SINGH         2014-11-24 20.00             211.00              42.00               0.00   0
009700    CHAPRA
ADS001279 0097004400025188 MANISH KUMAR SINGH         2014-11-19 20.00             192.00              38.00               0.00   0
009700    CHAPRA
ADS001279 0097004400024082 MANISH KUMAR SINGH         2014-10-17 20.00             163.00              33.00               0.00   0
009700    CHAPRA
ADS001279 0097004400024879 MANISH KUMAR SINGH         2014-11-10 20.00             153.00              31.00               0.00   0
009700    CHAPRA
ADS001279 0097004400024019 MANISH KUMAR SINGH         2014-10-15 20.00             144.00              29.00               0.00   0
009700    CHAPRA
ADS001279 0097004400023922 MANISH KUMAR SINGH         2014-10-13 20.00             100.00              20.00               0.00   0
009700    CHAPRA
ADS001279 0097004400024408 MANISH KUMAR SINGH         2014-10-25 20.00              96.00              19.00               0.00   0
009700    CHAPRA
ADS001279 0097004400025036 MANISH KUMAR SINGH         2014-11-17 20.00               6.00               2.00               0.00   0
009700    CHAPRA
ADS001279 0097004400025230 MANISH KUMAR SINGH         2014-11-24 20.00              10.00               2.00               0.00   0
009700    CHAPRA
ADS001279 0097004400024879 MANISH KUMAR SINGH         2014-11-10 20.00               4.00               0.00               0.00   0
009700    CHAPRA
                                                                       ================== ================== ==================
                                  Total -->                                      2,354.00             471.00               0.00

ADS001538 0097004400031958 KEDAR NATH SINGH           2014-11-05 10.00              18.00               2.00               0.00   0
009700    CHAPRA           BDKPS8770F    15G
ADS001538 0097004400031824 KEDAR NATH SINGH           2014-11-08 10.00              13.00               1.00               0.00   0
009700    CHAPRA           BDKPS8770F    15G
                                                                       ================== ================== ==================
                                  Total -->                                         31.00               3.00               0.00

ADS002612 009700F200000785 NIRMALA DEVI               2014-11-03 20.00           2,238.00             447.00               0.00   0
009700    CHAPRA
ADS002612 009700F200000819 NIRMALA DEVI               2014-11-24 20.00             139.00              27.00               0.00   0
009700    CHAPRA
ADS002612 009700F200000794 NIRMALA DEVI               2014-11-06 20.00             114.00              23.00               0.00   0
009700    CHAPRA
ADS002612 009700F200000785 NIRMALA DEVI               2014-11-03 20.00              68.00              14.00               0.00   0
009700    CHAPRA
ADS002612 009700F200000730 NIRMALA DEVI               2014-10-09 20.00              28.00               6.00               0.00   0
009700    CHAPRA
ADS002612 009700F200000819 NIRMALA DEVI               2014-11-24 20.00               3.00               1.00               0.00   0
009700    CHAPRA
                                                                       ================== ================== ==================
                                  Total -->                                      2,590.00             518.00               0.00

ADS002767 009700TM00000014 HARIS CHAND                2014-10-31 10.00             744.00              75.00               0.00   0
009700    CHAPRA           ABUPC4677J
ADS002767 009700DP00004248 HARIS CHAND                2014-11-18  0.00            -402.00               0.00               0.00   0
009700    CHAPRA           ABUPC4677J
                                                                       ================== ================== ==================
                                  Total -->                                        342.00              75.00               0.00

ADS002803 009700PR00019491 DEVENDRA KUMAR SINGH       2014-10-25 20.00           3,113.00             623.00               0.00   0
009700    CHAPRA
                                                                       ================== ================== ==================
                                  Total -->                                      3,113.00             623.00               0.00


ADS004632 0097004400029111 RAVINDRA KUMAR             2014-11-28 20.00             511.00             102.00               0.00   0
009700    CHAPRA
ADS004632 0097004400028699 RAVINDRA KUMAR             2014-11-28 20.00             405.00              81.00               0.00   0
009700    CHAPRA
ADS004632 0097004400024675 RAVINDRA KUMAR             2014-11-03 20.00             391.00              78.00               0.00   0
009700    CHAPRA
ADS004632 0097004400029078 RAVINDRA KUMAR             2014-11-28 20.00             306.00              61.00               0.00   0
009700    CHAPRA
ADS004632 0097004400028954 RAVINDRA KUMAR             2014-11-28 20.00             204.00              41.00               0.00   0
009700    CHAPRA
ADS004632 0097004400025124 RAVINDRA KUMAR             2014-11-18 20.00             188.00              38.00               0.00   0
009700    CHAPRA
ADS004632 0097004400024976 RAVINDRA KUMAR             2014-11-15 20.00             176.00              35.00               0.00   0
009700    CHAPRA
ADS004632 0097004400032188 RAVINDRA KUMAR             2014-11-24 20.00             155.00              31.00               0.00   0
009700    CHAPRA
ADS004632 0097004400024736 RAVINDRA KUMAR             2014-11-05 20.00             134.00              27.00               0.00   0
009700    CHAPRA
ADS004632 0097004400025443 RAVINDRA KUMAR             2014-11-28 20.00             113.00              23.00               0.00   0
009700    CHAPRA
ADS004632 0097004400029634 RAVINDRA KUMAR             2014-11-28 20.00             104.00              21.00               0.00   0
009700    CHAPRA
ADS004632 0097004400029892 RAVINDRA KUMAR             2014-11-28 20.00             105.00              21.00               0.00   0
009700    CHAPRA
ADS004632 0097004400030108 RAVINDRA KUMAR             2014-11-28 20.00             104.00              21.00               0.00   0
009700    CHAPRA
ADS004632 0097004400030296 RAVINDRA KUMAR             2014-11-28 20.00             105.00              21.00               0.00   0
009700    CHAPRA
ADS004632 0097004400030481 RAVINDRA KUMAR             2014-11-28 20.00             105.00              21.00               0.00   0
009700    CHAPRA
ADS004632 0097004400025203 RAVINDRA KUMAR             2014-11-21 20.00             100.00              20.00               0.00   0
009700    CHAPRA
ADS004632 0097004400030816 RAVINDRA KUMAR             2014-11-24 20.00              84.00              17.00               0.00   0
009700    CHAPRA
ADS004632 0097004400024815 RAVINDRA KUMAR             2014-11-07 20.00              73.00              14.00               0.00   0
009700    CHAPRA
ADS004632 0097004400024550 RAVINDRA KUMAR             2014-10-28 20.00              54.00              11.00               0.00   0
009700    CHAPRA
ADS004632 0097004400030977 RAVINDRA KUMAR             2014-11-24 20.00              54.00              11.00               0.00   0
009700    CHAPRA
ADS004632 0097004400024277 RAVINDRA KUMAR             2014-10-22 20.00              42.00               9.00               0.00   0
009700    CHAPRA
ADS004632 0097004400024356 RAVINDRA KUMAR             2014-10-24 20.00              46.00               9.00               0.00   0
009700    CHAPRA
ADS004632 0097004400031240 RAVINDRA KUMAR             2014-11-24 20.00              49.00               9.00               0.00   0
009700    CHAPRA
ADS004632 0097004400031578 RAVINDRA KUMAR             2014-11-24 20.00              41.00               9.00               0.00   0
009700    CHAPRA
ADS004632 0097004400032294 RAVINDRA KUMAR             2014-11-24 20.00              47.00               9.00               0.00   0
009700    CHAPRA
ADS004632 0097004400031666 RAVINDRA KUMAR             2014-11-24 20.00              38.00               7.00               0.00   0
009700    CHAPRA
ADS004632 0097004400031921 RAVINDRA KUMAR             2014-11-24 20.00              33.00               7.00               0.00   0
009700    CHAPRA
ADS004632 0097004400023782 RAVINDRA KUMAR             2014-10-11 20.00              21.00               5.00               0.00   0
009700    CHAPRA
ADS004632 0097004400024028 RAVINDRA KUMAR             2014-10-15 20.00              29.00               5.00               0.00   0
009700    CHAPRA
ADS004632 0097004400032382 RAVINDRA KUMAR             2014-11-24 20.00              21.00               4.00               0.00   0
009700    CHAPRA
ADS004632 0097004400032726 RAVINDRA KUMAR             2014-11-24 20.00              20.00               4.00               0.00   0
009700    CHAPRA

ADS004632 0097004400023737 RAVINDRA KUMAR             2014-10-08 20.00              15.00               3.00               0.00   0
009700    CHAPRA
ADS004632 0097004400024736 RAVINDRA KUMAR             2014-11-05 20.00               4.00               1.00               0.00   0
009700    CHAPRA
                                                                       ================== ================== ==================
                                  Total -->                                      3,877.00             776.00               0.00

ADS004653 009700PM00000461 BHUNESHWAR TIWARI & RADHIKA2014-10-31 20.00           1,571.00             314.00               0.00   0
009700    CHAPRA                         15 H SUBMITTED
                                                                       ================== ================== ==================
                                  Total -->                                      1,571.00             314.00               0.00

ADS005778 009700DP00007041  SHAMIMA KHATOON           2014-10-17 10.00             298.00              30.00               0.00   0
009700    CHAPRA           COQPK1147G    15G
                                                                       ================== ================== ==================
                                  Total -->                                        298.00              30.00               0.00

ADS005779 009700DP00003249 NAHID BEGUM                2014-10-13 10.00             349.00              35.00               0.00   0
009700    CHAPRA           AJRPB0728N    15G
                                                                       ================== ================== ==================
                                  Total -->                                        349.00              35.00               0.00

ADS005840 0097004400024639 A O  CASH O O  G M T D  B S2014-11-03 10.00          16,106.00           1,611.00               0.00   0
009700    CHAPRA
ADS005840 0097004400024383 A O  CASH O O  G M T D  B S2014-10-25 10.00           7,479.00             693.00               0.00   0
009700    CHAPRA
ADS005840 0097004400031976 A O  CASH O O  G M T D  B S2014-11-07 10.00           2,393.00             239.00               0.00   0
009700    CHAPRA
ADS005840 0097004400031976 A O  CASH O O  G M T D  B S2014-11-13 10.00           1,767.00             177.00               0.00   0
009700    CHAPRA
ADS005840 0097004400031116 A O  CASH O O  G M T D  B S2014-10-28 10.00           1,151.00             115.00               0.00   0
009700    CHAPRA
ADS005840 0097004400024888 A O  CASH O O  G M T D  B S2014-10-28 10.00           1,074.00             108.00               0.00   0
009700    CHAPRA
ADS005840 0097004400026099 A O  CASH O O  G M T D  B S2014-10-28 10.00           1,074.00             107.00               0.00   0
009700    CHAPRA
ADS005840 0097004400031976 A O  CASH O O  G M T D  B S2014-11-08 10.00             473.00              47.00               0.00   0
009700    CHAPRA
ADS005840 0097004400031976 A O  CASH O O  G M T D  B S2014-11-10 10.00             175.00              18.00               0.00   0
009700    CHAPRA
ADS005840 0097004400031976 A O  CASH O O  G M T D  B S2014-11-11 10.00              96.00               9.00               0.00   0
009700    CHAPRA
ADS005840 0097004400031976 A O  CASH O O  G M T D  B S2014-11-14 10.00              77.00               8.00               0.00   0
009700    CHAPRA
ADS005840 0097004400031976 A O  CASH O O  G M T D  B S2014-11-20 10.00              49.00               5.00               0.00   0
009700    CHAPRA
ADS005840 0097004400031976 A O  CASH O O  G M T D  B S2014-11-15 10.00              18.00               2.00               0.00   0
009700    CHAPRA
ADS005840 0097004400026099 A O  CASH O O  G M T D  B S2014-10-11 10.00             675.00               0.00               0.00   0
009700    CHAPRA
ADS005840 0097004400026099 A O  CASH O O  G M T D  B S2014-10-13 10.00           1,147.00               0.00               0.00   0
009700    CHAPRA
ADS005840 0097004400028097 A O  CASH O O  G M T D  B S2014-10-10 10.00             280.00               0.00               0.00   0
009700    CHAPRA
ADS005840 0097004400028097 A O  CASH O O  G M T D  B S2014-10-11 10.00             617.00               0.00               0.00   0
009700    CHAPRA
ADS005840 0097004400028608 A O  CASH O O  G M T D  B S2014-10-09  0.00          -1,592.00               0.00               0.00   0
009700    CHAPRA
ADS005840 0097004400028608 A O  CASH O O  G M T D  B S2014-10-10  0.00            -312.00               0.00               0.00   0
009700    CHAPRA
ADS005840 0097004400028723 A O  CASH O O  G M T D  B S2014-10-08  0.00             -37.00               0.00               0.00   0
009700    CHAPRA

ADS005840 0097004400028723 A O  CASH O O  G M T D  B S2014-10-09  0.00            -711.00               0.00               0.00   0
009700    CHAPRA
ADS005840 0097004400028848 A O  CASH O O  G M T D  B S2014-10-08  0.00            -443.00               0.00               0.00   0
009700    CHAPRA
ADS005840 0097004400029379 A O  CASH O O  G M T D  B S2014-10-08 10.00               9.00               0.00               0.00   0
009700    CHAPRA
ADS005840 0097004400030001 A O  CASH O O  G M T D  B S2014-10-08 10.00             104.00               0.00               0.00   0
009700    CHAPRA
ADS005840 0097004400030205 A O  CASH O O  G M T D  B S2014-10-01  0.00          -1,876.00               0.00               0.00   0
009700    CHAPRA
ADS005840 0097004400030205 A O  CASH O O  G M T D  B S2014-10-04  0.00             -44.00               0.00               0.00   0
009700    CHAPRA
ADS005840 0097004400030205 A O  CASH O O  G M T D  B S2014-10-07  0.00              -2.00               0.00               0.00   0
009700    CHAPRA
ADS005840 0097004400030205 A O  CASH O O  G M T D  B S2014-10-08 10.00           1,438.00               0.00               0.00   0
009700    CHAPRA
ADS005840 0097004400031116 A O  CASH O O  G M T D  B S2014-10-21 10.00             200.00               0.00               0.00   0
009700    CHAPRA
                                                                       ================== ================== ==================
                                  Total -->                                     31,385.00           3,139.00               0.00

ADS008502 009700MP00000148 KUNDAN KUMAR &MADHU SINGH  2014-10-31 10.00           1,489.00             149.00               0.00   0
009700    CHAPRA           AHTPK7415R    15G
                                                                       ================== ================== ==================
                                  Total -->                                      1,489.00             149.00               0.00

ADS010219 0097004400025489 RANENDRA NATH PANDEY&SHASHA2014-11-29 20.00           1,266.00             254.00               0.00   0
009700    CHAPRA
ADS010219 0097004400026886 RANENDRA NATH PANDEY&SHASHA2014-11-03 20.00             327.00              66.00               0.00   0
009700    CHAPRA
ADS010219 0097004400026600 RANENDRA NATH PANDEY&SHASHA2014-11-10 20.00             314.00              62.00               0.00   0
009700    CHAPRA
ADS010219 0097004400026886 RANENDRA NATH PANDEY&SHASHA2014-10-18 20.00             172.00              34.00               0.00   0
009700    CHAPRA
ADS010219 0097004400026886 RANENDRA NATH PANDEY&SHASHA2014-10-11 20.00             106.00              21.00               0.00   0
009700    CHAPRA
ADS010219 0097004400026886 RANENDRA NATH PANDEY&SHASHA2014-10-08 20.00              76.00              11.00               0.00   0
009700    CHAPRA
                                                                       ================== ================== ==================
                                  Total -->                                      2,261.00             448.00               0.00

ADS012214 0097004400024921 DHIRENDRA  KUMAR  SINGH    2014-11-11 20.00              81.00              16.00               0.00   0
009700    CHAPRA           CNGPS4066M    15H
ADS012214 0097004400029306 DHIRENDRA  KUMAR  SINGH    2014-10-31 20.00              53.00               7.00               0.00   0
009700    CHAPRA           CNGPS4066M    15H
ADS012214 0097004400029306 DHIRENDRA  KUMAR  SINGH    2014-11-17  0.00              79.00               0.00               0.00   0
009700    CHAPRA           CNGPS4066M    15H
ADS012214 0097004400029449 DHIRENDRA  KUMAR  SINGH    2014-10-01  0.00             -17.00               0.00               0.00   0
009700    CHAPRA           CNGPS4066M    15H
                                                                       ================== ================== ==================
                                  Total -->                                        196.00              23.00               0.00

ADS012404 009700MP00000139 AHMAD  ALI                 2014-10-31 10.00           1,489.00             149.00               0.00   0
009700    CHAPRA           AYAPA6125G    15G
                                                                       ================== ================== ==================
                                  Total -->                                      1,489.00             149.00               0.00

ADS012626 009700DM00000083  NAVIN CHANDRA SRIVASTAVA &2014-10-31 10.00           1,571.00             157.00               0.00   0
009700    CHAPRA           AQOPS2145J    15H OBTAINED
                                                                       ================== ================== ==================
                                  Total -->                                      1,571.00             157.00               0.00


ADS013897 009700DP00007403 ROUSHAN KUMAR SINGH        2014-11-06 20.00           2,301.00             461.00               0.00   0
009700    CHAPRA
ADS013897 009700DP00007263 ROUSHAN KUMAR SINGH        2014-10-31 20.00           1,525.00             305.00               0.00   0
009700    CHAPRA
                                                                       ================== ================== ==================
                                  Total -->                                      3,826.00             766.00               0.00

ADS014526 009700DM00000102 SAROJ DEVI & SACHIDA NAND P2014-10-31 20.00             550.00             110.00               0.00   0
009700    CHAPRA
ADS014526 009700DM00000458 SAROJ DEVI & SACHIDA NAND P2014-10-31 20.00             550.00             110.00               0.00   0
009700    CHAPRA
ADS014526 009700DM00000476 SAROJ DEVI & SACHIDA NAND P2014-10-31 20.00             550.00             110.00               0.00   0
009700    CHAPRA
ADS014526 009700DM00000485 SAROJ DEVI & SACHIDA NAND P2014-10-31 20.00             550.00             110.00               0.00   0
009700    CHAPRA
ADS014526 009700DM00000519 SAROJ DEVI & SACHIDA NAND P2014-10-31 20.00             550.00             110.00               0.00   0
009700    CHAPRA
                                                                       ================== ================== ==================
                                  Total -->                                      2,750.00             550.00               0.00

ADS014630 0097004400031587 RUBY SINHA & NARENDRA KUMAR2014-11-28 20.00             182.00              36.00               0.00   0
009700    CHAPRA
ADS014630 0097004400031763 RUBY SINHA & NARENDRA KUMAR2014-11-28 20.00             126.00              26.00               0.00   0
009700    CHAPRA
ADS014630 0097004400031763 RUBY SINHA & NARENDRA KUMAR2014-11-17 20.00              28.00               6.00               0.00   0
009700    CHAPRA
ADS014630 0097004400032957 RUBY SINHA & NARENDRA KUMAR2014-11-28 20.00              26.00               5.00               0.00   0
009700    CHAPRA
ADS014630 0097004400031763 RUBY SINHA & NARENDRA KUMAR2014-11-07 20.00              14.00               2.00               0.00   0
009700    CHAPRA
                                                                       ================== ================== ==================
                                  Total -->                                        376.00              75.00               0.00

ADS015294 009700DM00000227 SHARDA DEVI & SUDHAKAR MISH2014-10-31 10.00             480.00              48.00               0.00   0
009700    CHAPRA           BGFPD7048M    15G OBTAINED
ADS015294 009700DM00000227 SHARDA DEVI & SUDHAKAR MISH2014-10-11 10.00             284.00              28.00               0.00   0
009700    CHAPRA           BGFPD7048M    15G OBTAINED
                                                                       ================== ================== ==================
                                  Total -->                                        764.00              76.00               0.00

ADS015379 009700DM00000245 SHARDA DEVI & SUDHAKAR MISH2014-10-31 10.00           1,583.00             158.00               0.00   0
009700    CHAPRA           BGFPD7048M    15G OBTAINED
ADS015379 009700DM00000245 SHARDA DEVI & SUDHAKAR MISH2014-11-03 10.00             155.00              16.00               0.00   0
009700    CHAPRA           BGFPD7048M    15G OBTAINED
                                                                       ================== ================== ==================
                                  Total -->                                      1,738.00             174.00               0.00

ADS015386 009700DM00000254 RAM SINGH                  2014-10-31 10.00           3,951.00             395.00               0.00   0
009700    CHAPRA           DROPS8424J    15H
ADS015386 009700DM00000254 RAM SINGH                  2014-11-05 10.00             646.00              64.00               0.00   0
009700    CHAPRA           DROPS8424J    15H
                                                                       ================== ================== ==================
                                  Total -->                                      4,597.00             459.00               0.00

ADS015415 009700DA00004960 ANIL KUMAR AGRAWAL & SHAILJ2014-11-18 10.00             787.00              78.00               0.00   0
009700    CHAPRA           ACDPA9891L
                                                                       ================== ================== ==================
                                  Total -->                                        787.00              78.00               0.00

ADS015416 009700DA00004979 THAKUR PD. SINGH & KRISHNA 2014-11-18 20.00             834.00             167.00               0.00   0
009700    CHAPRA
ADS015416 009700DM00000528 THAKUR PD. SINGH & KRISHNA 2014-10-31 20.00             628.00             125.00               0.00   0

009700    CHAPRA
                                                                       ================== ================== ==================
                                  Total -->                                      1,462.00             292.00               0.00

ADS015417 009700DA00004988 KRISHNA DEVI & THAKUR PD. S2014-11-18 10.00             855.00              85.00               0.00   0
009700    CHAPRA           DVSPS6492G    15H
                                                                       ================== ================== ==================
                                  Total -->                                        855.00              85.00               0.00

ADS015458 009700MP00000236   A.D. SHARMA & HIRA DEVI  2014-10-31 10.00             744.00              75.00               0.00   0
009700    CHAPRA           EDEPS5634F
ADS015458 009700MP00000254   A.D. SHARMA & HIRA DEVI  2014-10-31 10.00             744.00              75.00               0.00   0
009700    CHAPRA           EDEPS5634F
ADS015458 009700MP00000245   A.D. SHARMA & HIRA DEVI  2014-10-31 10.00             744.00              74.00               0.00   0
009700    CHAPRA           EDEPS5634F
ADS015458 009700MP00000245   A.D. SHARMA & HIRA DEVI  2014-11-14 10.00             347.00              35.00               0.00   0
009700    CHAPRA           EDEPS5634F
ADS015458 009700MP00000254   A.D. SHARMA & HIRA DEVI  2014-11-14 10.00             347.00              35.00               0.00   0
009700    CHAPRA           EDEPS5634F
ADS015458 009700MP00000236   A.D. SHARMA & HIRA DEVI  2014-11-14 10.00             347.00              34.00               0.00   0
009700    CHAPRA           EDEPS5634F
                                                                       ================== ================== ==================
                                  Total -->                                      3,273.00             328.00               0.00

ADS015617 009700DM00000360 RAM DEVI                   2014-10-31 20.00           2,356.00             471.00               0.00   0
009700    CHAPRA
                                                                       ================== ================== ==================
                                  Total -->                                      2,356.00             471.00               0.00

ADS015659 009700MP00000021 SUSHMA DEVI                2014-10-31 10.00           1,809.00             181.00               0.00   0
009700    CHAPRA           BEIPD0923C    15G
                                                                       ================== ================== ==================
                                  Total -->                                      1,809.00             181.00               0.00

ADS016139 009700F100002430 ANITA DEVI                 2014-11-13 10.00           2,321.00             233.00               0.00   0
009700    CHAPRA           AFKPD3871P
ADS016139 009700F100002476 ANITA DEVI                 2014-11-24 10.00             791.00              79.00               0.00   0
009700    CHAPRA           AFKPD3871P
ADS016139 009700F100002412 ANITA DEVI                 2014-11-11 10.00             604.00              60.00               0.00   0
009700    CHAPRA           AFKPD3871P
ADS016139 009700F100002485 ANITA DEVI                 2014-11-26 10.00             273.00              27.00               0.00   0
009700    CHAPRA           AFKPD3871P
ADS016139 009700F100002458 ANITA DEVI                 2014-11-15 10.00             221.00              22.00               0.00   0
009700    CHAPRA           AFKPD3871P
ADS016139 009700F100002315 ANITA DEVI                 2014-10-10 10.00             192.00              19.00               0.00   0
009700    CHAPRA           AFKPD3871P
                                                                       ================== ================== ==================
                                  Total -->                                      4,402.00             440.00               0.00

ADS016185 009700DM00000449 LALPARI DEVI & CHANDRA BHUS2014-10-31 10.00           1,489.00             149.00               0.00   0
009700    CHAPRA           AHAPD7134R    15G
                                                                       ================== ================== ==================
                                  Total -->                                      1,489.00             149.00               0.00

ADS016209 009700DM00000555 MANDIRA  DEVI              2014-10-31 10.00           1,489.00             149.00               0.00   0
009700    CHAPRA           BJNPD1992H    15G
                                                                       ================== ================== ==================
                                  Total -->                                      1,489.00             149.00               0.00

ADS016364 009700DP00007591 PRITHVI NATH SINGH AND PUSH2014-11-14 10.00             572.00              58.00               0.00   0
009700    CHAPRA           BEPPS1569N    15G
ADS016364 009700DP00007564 PRITHVI NATH SINGH AND PUSH2014-11-14 10.00             572.00              57.00               0.00   0

009700    CHAPRA           BEPPS1569N    15G
ADS016364 009700DP00007573 PRITHVI NATH SINGH AND PUSH2014-11-14 10.00             572.00              57.00               0.00   0
009700    CHAPRA           BEPPS1569N    15G
ADS016364 009700DP00007582 PRITHVI NATH SINGH AND PUSH2014-11-14 10.00             572.00              57.00               0.00   0
009700    CHAPRA           BEPPS1569N    15G
                                                                       ================== ================== ==================
                                  Total -->                                      2,288.00             229.00               0.00

ADS016706 009700DA00010031 ARUN KUMAR GUPTA AND SUSHMA2014-11-21 20.00             445.00              89.00               0.00   0
009700    CHAPRA
                                                                       ================== ================== ==================
                                  Total -->                                        445.00              89.00               0.00

ADS016985 009700MP00000094 DEOJANI  BASU              2014-10-31 10.00           2,172.00             217.00               0.00   0
009700    CHAPRA           BMCPB2542K    15G
ADS016985 009700MP00000102 DEOJANI  BASU              2014-10-31 10.00           2,172.00             217.00               0.00   0
009700    CHAPRA           BMCPB2542K    15G
                                                                       ================== ================== ==================
                                  Total -->                                      4,344.00             434.00               0.00

ADS018088 009700DP00007485 HRIDYA NAND KUMAR          2014-11-12 20.00           2,171.00             434.00               0.00   0
009700    CHAPRA
                                                                       ================== ================== ==================
                                  Total -->                                      2,171.00             434.00               0.00

ADS018334 009700MP00000175 AMRITA SAGAR               2014-10-31 10.00             941.00              94.00               0.00   0
009700    CHAPRA           DJUPS6699D
                                                                       ================== ================== ==================
                                  Total -->                                        941.00              94.00               0.00

ADS018493 009700MP00000306 SETU SANKALP  NEHA RAJ     2014-10-31 10.00           1,489.00             149.00               0.00   0
009700    CHAPRA           BSYPS7234K
ADS018493 009700MP00000315 SETU SANKALP  NEHA RAJ     2014-10-31 10.00           1,489.00             149.00               0.00   0
009700    CHAPRA           BSYPS7234K
ADS018493 009700MP00000324 SETU SANKALP  NEHA RAJ     2014-10-31 10.00           1,489.00             149.00               0.00   0
009700    CHAPRA           BSYPS7234K
ADS018493 009700MP00000290 SETU SANKALP  NEHA RAJ     2014-10-31 10.00             744.00              74.00               0.00   0
009700    CHAPRA           BSYPS7234K
                                                                       ================== ================== ==================
                                  Total -->                                      5,211.00             521.00               0.00

ADS018509 009700MP00000467 VIKASH KUMAR               2014-10-31 20.00           1,117.00             223.00               0.00   0
009700    CHAPRA
                                                                       ================== ================== ==================
                                  Total -->                                      1,117.00             223.00               0.00

ADS018739 009700OR00000159 KRISHNA KUMAR SINGH  CHANDR2014-11-21 10.00           4,844.00             485.00               0.00   0
009700    CHAPRA           AISPS4122K
                                                                       ================== ================== ==================
                                  Total -->                                      4,844.00             485.00               0.00

ADS018828 0097004400032504 RABI BHUSHAN AND BANDANA KU2014-11-17 20.00             345.00              69.00               0.00   0
009700    CHAPRA
ADS018828 0097004400032504 RABI BHUSHAN AND BANDANA KU2014-11-24 20.00             345.00              69.00               0.00   0
009700    CHAPRA
ADS018828 0097004400021021 RABI BHUSHAN AND BANDANA KU2014-10-20 20.00             146.00              30.00               0.00   0
009700    CHAPRA
ADS018828 0097004400021021 RABI BHUSHAN AND BANDANA KU2014-10-13 20.00             146.00              29.00               0.00   0
009700    CHAPRA
ADS018828 0097004400021021 RABI BHUSHAN AND BANDANA KU2014-10-27 20.00             146.00              29.00               0.00   0
009700    CHAPRA
ADS018828 0097004400021021 RABI BHUSHAN AND BANDANA KU2014-11-03 20.00             146.00              29.00               0.00   0

009700    CHAPRA
ADS018828 0097004400021021 RABI BHUSHAN AND BANDANA KU2014-11-10 20.00             146.00              29.00               0.00   0
009700    CHAPRA
ADS018828 0097004400021021 RABI BHUSHAN AND BANDANA KU2014-11-17 20.00             146.00              29.00               0.00   0
009700    CHAPRA
ADS018828 0097004400021021 RABI BHUSHAN AND BANDANA KU2014-11-24 20.00             146.00              29.00               0.00   0
009700    CHAPRA
ADS018828 0097004400021021 RABI BHUSHAN AND BANDANA KU2014-10-07 20.00             125.00              25.00               0.00   0
009700    CHAPRA
ADS018828 0097004400024143 RABI BHUSHAN AND BANDANA KU2014-10-07 20.00             115.00              23.00               0.00   0
009700    CHAPRA
ADS018828 0097004400024143 RABI BHUSHAN AND BANDANA KU2014-10-14 20.00             115.00              23.00               0.00   0
009700    CHAPRA
ADS018828 0097004400024143 RABI BHUSHAN AND BANDANA KU2014-10-21 20.00             115.00              23.00               0.00   0
009700    CHAPRA
ADS018828 0097004400024143 RABI BHUSHAN AND BANDANA KU2014-10-28 20.00             115.00              23.00               0.00   0
009700    CHAPRA
ADS018828 0097004400024143 RABI BHUSHAN AND BANDANA KU2014-11-05 20.00             115.00              23.00               0.00   0
009700    CHAPRA
ADS018828 0097004400024143 RABI BHUSHAN AND BANDANA KU2014-11-11 20.00             115.00              23.00               0.00   0
009700    CHAPRA
ADS018828 0097004400024143 RABI BHUSHAN AND BANDANA KU2014-11-18 20.00             115.00              23.00               0.00   0
009700    CHAPRA
ADS018828 0097004400024143 RABI BHUSHAN AND BANDANA KU2014-11-25 20.00             115.00              23.00               0.00   0
009700    CHAPRA
ADS018828 0097004400020864 RABI BHUSHAN AND BANDANA KU2014-10-09 20.00              84.00              17.00               0.00   0
009700    CHAPRA
ADS018828 0097004400020864 RABI BHUSHAN AND BANDANA KU2014-10-16 20.00              84.00              17.00               0.00   0
009700    CHAPRA
ADS018828 0097004400020864 RABI BHUSHAN AND BANDANA KU2014-10-31 20.00              84.00              17.00               0.00   0
009700    CHAPRA
ADS018828 0097004400020864 RABI BHUSHAN AND BANDANA KU2014-11-06 20.00              84.00              17.00               0.00   0
009700    CHAPRA
ADS018828 0097004400020864 RABI BHUSHAN AND BANDANA KU2014-11-13 20.00              84.00              17.00               0.00   0
009700    CHAPRA
ADS018828 0097004400020864 RABI BHUSHAN AND BANDANA KU2014-11-27 20.00              84.00              17.00               0.00   0
009700    CHAPRA
ADS018828 0097004400020864 RABI BHUSHAN AND BANDANA KU2014-10-24 20.00              84.00              16.00               0.00   0
009700    CHAPRA
ADS018828 0097004400020864 RABI BHUSHAN AND BANDANA KU2014-11-20 20.00              84.00              16.00               0.00   0
009700    CHAPRA
ADS018828 0097004400021270 RABI BHUSHAN AND BANDANA KU2014-10-24 20.00              77.00              16.00               0.00   0
009700    CHAPRA
ADS018828 0097004400021270 RABI BHUSHAN AND BANDANA KU2014-10-31 20.00              77.00              16.00               0.00   0
009700    CHAPRA
ADS018828 0097004400021270 RABI BHUSHAN AND BANDANA KU2014-11-20 20.00              77.00              16.00               0.00   0
009700    CHAPRA
ADS018828 0097004400021340 RABI BHUSHAN AND BANDANA KU2014-10-24 20.00              77.00              16.00               0.00   0
009700    CHAPRA
ADS018828 0097004400021340 RABI BHUSHAN AND BANDANA KU2014-10-31 20.00              77.00              16.00               0.00   0
009700    CHAPRA
ADS018828 0097004400021340 RABI BHUSHAN AND BANDANA KU2014-11-21 20.00              77.00              16.00               0.00   0
009700    CHAPRA
ADS018828 0097004400023038 RABI BHUSHAN AND BANDANA KU2014-10-11 20.00              77.00              16.00               0.00   0
009700    CHAPRA
ADS018828 0097004400023038 RABI BHUSHAN AND BANDANA KU2014-11-08 20.00              77.00              16.00               0.00   0
009700    CHAPRA
ADS018828 0097004400023038 RABI BHUSHAN AND BANDANA KU2014-11-15 20.00              77.00              16.00               0.00   0
009700    CHAPRA
ADS018828 0097004400023038 RABI BHUSHAN AND BANDANA KU2014-11-29 20.00              77.00              16.00               0.00   0
009700    CHAPRA
ADS018828 0097004400024107 RABI BHUSHAN AND BANDANA KU2014-10-27 20.00              77.00              16.00               0.00   0

009700    CHAPRA
ADS018828 0097004400024107 RABI BHUSHAN AND BANDANA KU2014-11-03 20.00              77.00              16.00               0.00   0
009700    CHAPRA
ADS018828 0097004400024107 RABI BHUSHAN AND BANDANA KU2014-11-24 20.00              77.00              16.00               0.00   0
009700    CHAPRA
ADS018828 0097004400021270 RABI BHUSHAN AND BANDANA KU2014-10-09 20.00              77.00              15.00               0.00   0
009700    CHAPRA
ADS018828 0097004400021270 RABI BHUSHAN AND BANDANA KU2014-10-16 20.00              77.00              15.00               0.00   0
009700    CHAPRA
ADS018828 0097004400021270 RABI BHUSHAN AND BANDANA KU2014-11-06 20.00              77.00              15.00               0.00   0
009700    CHAPRA
ADS018828 0097004400021270 RABI BHUSHAN AND BANDANA KU2014-11-13 20.00              77.00              15.00               0.00   0
009700    CHAPRA
ADS018828 0097004400021270 RABI BHUSHAN AND BANDANA KU2014-11-27 20.00              77.00              15.00               0.00   0
009700    CHAPRA
ADS018828 0097004400021340 RABI BHUSHAN AND BANDANA KU2014-10-10 20.00              77.00              15.00               0.00   0
009700    CHAPRA
ADS018828 0097004400021340 RABI BHUSHAN AND BANDANA KU2014-10-17 20.00              77.00              15.00               0.00   0
009700    CHAPRA
ADS018828 0097004400021340 RABI BHUSHAN AND BANDANA KU2014-11-07 20.00              77.00              15.00               0.00   0
009700    CHAPRA
ADS018828 0097004400021340 RABI BHUSHAN AND BANDANA KU2014-11-14 20.00              77.00              15.00               0.00   0
009700    CHAPRA
ADS018828 0097004400021340 RABI BHUSHAN AND BANDANA KU2014-11-28 20.00              77.00              15.00               0.00   0
009700    CHAPRA
ADS018828 0097004400023038 RABI BHUSHAN AND BANDANA KU2014-10-18 20.00              77.00              15.00               0.00   0
009700    CHAPRA
ADS018828 0097004400023038 RABI BHUSHAN AND BANDANA KU2014-10-25 20.00              77.00              15.00               0.00   0
009700    CHAPRA
ADS018828 0097004400023038 RABI BHUSHAN AND BANDANA KU2014-11-01 20.00              77.00              15.00               0.00   0
009700    CHAPRA
ADS018828 0097004400023038 RABI BHUSHAN AND BANDANA KU2014-11-22 20.00              77.00              15.00               0.00   0
009700    CHAPRA
ADS018828 0097004400024107 RABI BHUSHAN AND BANDANA KU2014-10-13 20.00              77.00              15.00               0.00   0
009700    CHAPRA
ADS018828 0097004400024107 RABI BHUSHAN AND BANDANA KU2014-10-20 20.00              77.00              15.00               0.00   0
009700    CHAPRA
ADS018828 0097004400024107 RABI BHUSHAN AND BANDANA KU2014-11-10 20.00              77.00              15.00               0.00   0
009700    CHAPRA
ADS018828 0097004400024107 RABI BHUSHAN AND BANDANA KU2014-11-17 20.00              77.00              15.00               0.00   0
009700    CHAPRA
ADS018828 0097004400024107 RABI BHUSHAN AND BANDANA KU2014-10-07 20.00              66.00              14.00               0.00   0
009700    CHAPRA
ADS018828 0097004400032540 RABI BHUSHAN AND BANDANA KU2014-11-18 20.00              54.00              11.00               0.00   0
009700    CHAPRA
ADS018828 0097004400032540 RABI BHUSHAN AND BANDANA KU2014-11-25 20.00              54.00              11.00               0.00   0
009700    CHAPRA
ADS018828 0097004400023038 RABI BHUSHAN AND BANDANA KU2014-10-04 20.00              44.00               8.00               0.00   0
009700    CHAPRA
ADS018828 0097004400021340 RABI BHUSHAN AND BANDANA KU2014-10-04 20.00              33.00               7.00               0.00   0
009700    CHAPRA
ADS018828 0097004400020864 RABI BHUSHAN AND BANDANA KU2014-10-04 20.00              24.00               5.00               0.00   0
009700    CHAPRA
ADS018828 0097004400021270 RABI BHUSHAN AND BANDANA KU2014-10-04 20.00              22.00               5.00               0.00   0
009700    CHAPRA
ADS018828 0097004400023931 RABI BHUSHAN AND BANDANA KU2014-10-09 20.00               8.00               2.00               0.00   0
009700    CHAPRA
ADS018828 0097004400023931 RABI BHUSHAN AND BANDANA KU2014-10-16 20.00               8.00               2.00               0.00   0
009700    CHAPRA
ADS018828 0097004400023931 RABI BHUSHAN AND BANDANA KU2014-11-06 20.00               8.00               2.00               0.00   0
009700    CHAPRA
ADS018828 0097004400023931 RABI BHUSHAN AND BANDANA KU2014-11-13 20.00               8.00               2.00               0.00   0

009700    CHAPRA
ADS018828 0097004400023931 RABI BHUSHAN AND BANDANA KU2014-11-27 20.00               8.00               2.00               0.00   0
009700    CHAPRA
ADS018828 0097004400028705 RABI BHUSHAN AND BANDANA KU2014-10-13 20.00               8.00               2.00               0.00   0
009700    CHAPRA
ADS018828 0097004400028705 RABI BHUSHAN AND BANDANA KU2014-10-20 20.00               8.00               2.00               0.00   0
009700    CHAPRA
ADS018828 0097004400028705 RABI BHUSHAN AND BANDANA KU2014-11-10 20.00               8.00               2.00               0.00   0
009700    CHAPRA
ADS018828 0097004400028705 RABI BHUSHAN AND BANDANA KU2014-11-17 20.00               8.00               2.00               0.00   0
009700    CHAPRA
ADS018828 0097004400023931 RABI BHUSHAN AND BANDANA KU2014-10-24 20.00               8.00               1.00               0.00   0
009700    CHAPRA
ADS018828 0097004400023931 RABI BHUSHAN AND BANDANA KU2014-10-31 20.00               8.00               1.00               0.00   0
009700    CHAPRA
ADS018828 0097004400023931 RABI BHUSHAN AND BANDANA KU2014-11-20 20.00               8.00               1.00               0.00   0
009700    CHAPRA
ADS018828 0097004400028705 RABI BHUSHAN AND BANDANA KU2014-10-07 20.00               7.00               1.00               0.00   0
009700    CHAPRA
ADS018828 0097004400028705 RABI BHUSHAN AND BANDANA KU2014-10-27 20.00               8.00               1.00               0.00   0
009700    CHAPRA
ADS018828 0097004400028705 RABI BHUSHAN AND BANDANA KU2014-11-03 20.00               8.00               1.00               0.00   0
009700    CHAPRA
ADS018828 0097004400028705 RABI BHUSHAN AND BANDANA KU2014-11-24 20.00               8.00               1.00               0.00   0
009700    CHAPRA
ADS018828 0097004400023931 RABI BHUSHAN AND BANDANA KU2014-10-04 20.00               2.00               0.00               0.00   0
009700    CHAPRA
                                                                       ================== ================== ==================
                                  Total -->                                      6,242.00           1,249.00               0.00

ADS018925 0097004400030995  SHIV KUMAR MISHRA         2014-10-18 20.00             322.00             322.00               0.00   0
009700    CHAPRA
ADS018925 0097004400031374  SHIV KUMAR MISHRA         2014-10-25 20.00             307.00             307.00               0.00   0
009700    CHAPRA
ADS018925 0097004400031772  SHIV KUMAR MISHRA         2014-11-01 20.00             307.00             307.00               0.00   0
009700    CHAPRA
ADS018925 0097004400032115  SHIV KUMAR MISHRA         2014-11-08 20.00             307.00             307.00               0.00   0
009700    CHAPRA
ADS018925 0097004400032434  SHIV KUMAR MISHRA         2014-11-15 20.00             307.00             307.00               0.00   0
009700    CHAPRA
ADS018925 0097004400032735  SHIV KUMAR MISHRA         2014-11-22 20.00             245.00             245.00               0.00   0
009700    CHAPRA
ADS018925 0097004400033099  SHIV KUMAR MISHRA         2014-11-29 20.00             245.00             245.00               0.00   0
009700    CHAPRA
ADS018925 0097004400030144  SHIV KUMAR MISHRA         2014-10-04  0.00             138.00               0.00               0.00   0
009700    CHAPRA
ADS018925 0097004400030144  SHIV KUMAR MISHRA         2014-10-04  0.00              46.00               0.00               0.00   0
009700    CHAPRA
ADS018925 0097004400030685  SHIV KUMAR MISHRA         2014-10-11  0.00             322.00               0.00               0.00   0
009700    CHAPRA
                                                                       ================== ================== ==================
                                  Total -->                                      2,546.00           2,040.00               0.00

ADS019205 009700M500000017 SATYENDRA SINGH            2014-10-04 10.00           5,871.00             588.00               0.00   0
009700    CHAPRA           ADQOS9532J    15G
ADS019205 009700M500000026 SATYENDRA SINGH            2014-10-04 10.00           5,871.00             587.00               0.00   0
009700    CHAPRA           ADQOS9532J    15G
ADS019205 009700M500000035 SATYENDRA SINGH            2014-10-04 10.00           5,871.00             587.00               0.00   0
009700    CHAPRA           ADQOS9532J    15G
ADS019205 009700M500000044 SATYENDRA SINGH            2014-10-04 10.00           5,871.00             587.00               0.00   0
009700    CHAPRA           ADQOS9532J    15G
ADS019205 009700M500000053 SATYENDRA SINGH            2014-10-04 10.00           5,871.00             587.00               0.00   0

009700    CHAPRA           ADQOS9532J    15G
ADS019205 009700M500000017 SATYENDRA SINGH            2014-11-05 10.00           5,837.00             584.00               0.00   0
009700    CHAPRA           ADQOS9532J    15G
ADS019205 009700M500000035 SATYENDRA SINGH            2014-11-05 10.00           5,837.00             584.00               0.00   0
009700    CHAPRA           ADQOS9532J    15G
ADS019205 009700M500000044 SATYENDRA SINGH            2014-11-05 10.00           5,837.00             584.00               0.00   0
009700    CHAPRA           ADQOS9532J    15G
ADS019205 009700M500000026 SATYENDRA SINGH            2014-11-05 10.00           5,837.00             583.00               0.00   0
009700    CHAPRA           ADQOS9532J    15G
ADS019205 009700M500000053 SATYENDRA SINGH            2014-11-05 10.00           5,837.00             583.00               0.00   0
009700    CHAPRA           ADQOS9532J    15G
                                                                       ================== ================== ==================
                                  Total -->                                     58,540.00           5,854.00               0.00

D10540221 0097004400024301 USHA SINGH                 2014-10-24 20.00              92.00              18.00               0.00   0
009700    CHAPRA
                                                                       ================== ================== ==================
                                  Total -->                                         92.00              18.00               0.00

DSQ007805 0097004400024435 RAM PRATAP SAH & VINAY KUMA2014-10-25 10.00             863.00              87.00               0.00   0
009700    CHAPRA           AVRPS1581L
DSQ007805 0097004400029740 RAM PRATAP SAH & VINAY KUMA2014-10-22 10.00             203.00              20.00               0.00   0
730200                     AVRPS1581L
DSQ007805 0097004400029740 RAM PRATAP SAH & VINAY KUMA2014-10-14 10.00              21.00               2.00               0.00   0
730200                     AVRPS1581L
                                                                       ================== ================== ==================
                                  Total -->                                      1,087.00             109.00               0.00

JGD002281 0097004600000026 DILIP KUMAR  SINGH         2014-11-19 20.00              48.00              10.00               0.00   0
009700    CHAPRA
                                                                       ================== ================== ==================
                                  Total -->                                         48.00              10.00               0.00

                                                                       ================== ================== ==================
                                  Grand Total -->                             2,81,564.00          39,862.00               0.00
                                                                       ================== ================== ==================

========================================================== End of report ===========================================================

























SOLBOD_009700_TDS_19122014_163552.SUC
